<?xml version="1.0" encoding="UTF-8"?>
<testsuite name="TestRepeatedLetters" tests="26" skipped="0" failures="0" errors="0" timestamp="2021-08-01T14:18:44" hostname="LAPTOP-LLM653VT" time="0.034">
  <properties/>
  <testcase name="test01Sample" classname="TestRepeatedLetters" time="0.024"/>
  <testcase name="test02Sample" classname="TestRepeatedLetters" time="0.0"/>
  <testcase name="test03Sample" classname="TestRepeatedLetters" time="0.0"/>
  <testcase name="test04Sample" classname="TestRepeatedLetters" time="0.0"/>
  <testcase name="test05" classname="TestRepeatedLetters" time="0.0"/>
  <testcase name="test06" classname="TestRepeatedLetters" time="0.0"/>
  <testcase name="test07" classname="TestRepeatedLetters" time="0.0"/>
  <testcase name="test08" classname="TestRepeatedLetters" time="0.001"/>
  <testcase name="test09" classname="TestRepeatedLetters" time="0.0"/>
  <testcase name="test10" classname="TestRepeatedLetters" time="0.0"/>
  <testcase name="test11" classname="TestRepeatedLetters" time="0.001"/>
  <testcase name="test12" classname="TestRepeatedLetters" time="0.0"/>
  <testcase name="test13" classname="TestRepeatedLetters" time="0.0"/>
  <testcase name="test14" classname="TestRepeatedLetters" time="0.0"/>
  <testcase name="test15" classname="TestRepeatedLetters" time="0.0"/>
  <testcase name="test16" classname="TestRepeatedLetters" time="0.001"/>
  <testcase name="test17" classname="TestRepeatedLetters" time="0.0"/>
  <testcase name="test18" classname="TestRepeatedLetters" time="0.0"/>
  <testcase name="test19" classname="TestRepeatedLetters" time="0.001"/>
  <testcase name="test20" classname="TestRepeatedLetters" time="0.0"/>
  <testcase name="test21" classname="TestRepeatedLetters" time="0.0"/>
  <testcase name="test22" classname="TestRepeatedLetters" time="0.0"/>
  <testcase name="test23" classname="TestRepeatedLetters" time="0.0"/>
  <testcase name="test24" classname="TestRepeatedLetters" time="0.0"/>
  <testcase name="test25" classname="TestRepeatedLetters" time="0.0"/>
  <testcase name="test26" classname="TestRepeatedLetters" time="0.0"/>
  <system-out><![CDATA[]]></system-out>
  <system-err><![CDATA[]]></system-err>
</testsuite>
